
=== Mon Oct 15 18:56:14 2018

Packages were changed.
Update Mode: mergeDefaultDependencies

The following packages were added:
  com.unity.analytics@3.0.9
  com.unity.purchasing@2.0.1
  com.unity.ads@2.0.8
  com.unity.textmeshpro@1.3.0
  com.unity.package-manager-ui@2.0.1
  com.unity.collab-proxy@1.2.9
  com.unity.modules.ai@1.0.0
  com.unity.modules.animation@1.0.0
  com.unity.modules.assetbundle@1.0.0
  com.unity.modules.audio@1.0.0
  com.unity.modules.cloth@1.0.0
  com.unity.modules.director@1.0.0
  com.unity.modules.imageconversion@1.0.0
  com.unity.modules.imgui@1.0.0
  com.unity.modules.jsonserialize@1.0.0
  com.unity.modules.particlesystem@1.0.0
  com.unity.modules.physics@1.0.0
  com.unity.modules.physics2d@1.0.0
  com.unity.modules.screencapture@1.0.0
  com.unity.modules.terrain@1.0.0
  com.unity.modules.terrainphysics@1.0.0
  com.unity.modules.tilemap@1.0.0
  com.unity.modules.ui@1.0.0
  com.unity.modules.uielements@1.0.0
  com.unity.modules.umbra@1.0.0
  com.unity.modules.unityanalytics@1.0.0
  com.unity.modules.unitywebrequest@1.0.0
  com.unity.modules.unitywebrequestassetbundle@1.0.0
  com.unity.modules.unitywebrequestaudio@1.0.0
  com.unity.modules.unitywebrequesttexture@1.0.0
  com.unity.modules.unitywebrequestwww@1.0.0
  com.unity.modules.vehicles@1.0.0
  com.unity.modules.video@1.0.0
  com.unity.modules.vr@1.0.0
  com.unity.modules.wind@1.0.0
  com.unity.modules.xr@1.0.0

=== Sat Oct 27 17:26:32 2018

Packages were changed.
Update Mode: updateDependencies

The following packages were updated:
  com.unity.collab-proxy from version 1.2.9 to 1.2.11
  com.unity.package-manager-ui from version 2.0.1 to 2.0.2

=== Wed Nov 21 19:17:20 2018

Packages were changed.
Update Mode: updateDependencies

The following packages were updated:
  com.unity.analytics from version 3.0.9 to 3.2.2
  com.unity.package-manager-ui from version 2.0.2 to 2.0.3

=== Sat Dec  8 22:20:34 2018

Packages were changed.
Update Mode: updateDependencies

The following packages were updated:
  com.unity.ads from version 2.0.8 to 2.3.1
  com.unity.collab-proxy from version 1.2.11 to 1.2.15
  com.unity.purchasing from version 2.0.1 to 2.0.3

=== Wed Apr 10 20:30:55 2019

Packages were changed.
Update Mode: updateDependencies

The following packages were added:
  com.unity.timeline@1.0.0
  com.unity.multiplayer-hlapi@1.0.2
  com.unity.xr.legacyinputhelpers@2.0.2
The following packages were updated:
  com.unity.analytics from version 3.2.2 to 3.3.2
  com.unity.package-manager-ui from version 2.0.3 to 2.1.2
  com.unity.textmeshpro from version 1.3.0 to 2.0.0

=== Tue Apr 16 19:40:01 2019

Packages were changed.
Update Mode: updateDependencies

The following packages were updated:
  com.unity.collab-proxy from version 1.2.15 to 1.2.16
  com.unity.purchasing from version 2.0.3 to 2.0.6

=== Sat May 25 21:03:25 2019

Packages were changed.
Update Mode: updateDependencies

The following packages were updated:
  com.unity.textmeshpro from version 2.0.0 to 2.0.1

=== Tue Jul 30 21:02:35 2019

Packages were changed.
Update Mode: updateDependencies

The following packages were added:
  com.unity.2d.tilemap@1.0.0
  com.unity.ext.nunit@1.0.0
  com.unity.test-framework@1.0.13
  com.unity.2d.sprite@1.0.0
  com.unity.ide.vscode@1.0.7
  com.unity.ide.rider@1.0.8
  com.unity.ugui@1.0.0
  com.unity.modules.androidjni@1.0.0
The following packages were updated:
  com.unity.package-manager-ui from version 2.1.2 to 2.2.0
  com.unity.timeline from version 1.0.0 to 1.1.0

=== Mon Oct 14 21:29:54 2019

Packages were changed.
Update Mode: updateDependencies

The following packages were updated:
  com.unity.ide.rider from version 1.0.8 to 1.1.0
  com.unity.ide.vscode from version 1.0.7 to 1.1.2

=== Fri Dec  6 22:53:19 2019

Packages were changed.
Update Mode: updateDependencies

The following packages were updated:
  com.unity.ide.vscode from version 1.1.2 to 1.1.3
  com.unity.multiplayer-hlapi from version 1.0.2 to 1.0.4
  com.unity.test-framework from version 1.0.13 to 1.1.3
  com.unity.timeline from version 1.1.0 to 1.2.6
The following packages were removed:
  com.unity.package-manager-ui@2.2.0

=== Sun Feb  2 14:00:41 2020

Packages were changed.
Update Mode: updateDependencies

The following packages were updated:
  com.unity.analytics from version 3.3.2 to 3.3.5
  com.unity.ide.rider from version 1.1.0 to 1.1.4
  com.unity.ide.vscode from version 1.1.3 to 1.1.4
  com.unity.test-framework from version 1.1.3 to 1.1.9
  com.unity.timeline from version 1.2.6 to 1.2.10

=== Fri Feb 14 22:09:10 2020

Packages were changed.
Update Mode: updateDependencies

The following packages were updated:
  com.unity.test-framework from version 1.1.9 to 1.1.11

=== Sat Feb 29 11:33:48 2020

Packages were changed.
Update Mode: updateDependencies

The following packages were updated:
  com.unity.timeline from version 1.2.10 to 1.2.12

=== Wed Apr  8 18:36:28 2020

Packages were changed.
Update Mode: updateDependencies

The following packages were updated:
  com.unity.test-framework from version 1.1.11 to 1.1.13

=== Wed Apr 22 19:54:53 2020

Packages were changed.
Update Mode: updateDependencies

The following packages were updated:
  com.unity.ads from version 2.3.1 to 3.4.4

=== Fri May  1 12:38:55 2020

Packages were changed.
Update Mode: updateDependencies

The following packages were updated:
  com.unity.ide.vscode from version 1.1.4 to 1.2.0
  com.unity.xr.legacyinputhelpers from version 2.0.2 to 2.1.3

=== Sat May 30 20:25:08 2020

Packages were changed.
Update Mode: updateDependencies

The following packages were updated:
  com.unity.ads from version 3.4.4 to 3.4.5
  com.unity.test-framework from version 1.1.13 to 1.1.14
  com.unity.xr.legacyinputhelpers from version 2.1.3 to 2.1.4

=== Wed Jul 29 14:19:36 2020

Packages were changed.
Update Mode: updateDependencies

The following packages were added:
  com.unity.ide.visualstudio@2.0.2
The following packages were updated:
  com.unity.ads from version 3.4.5 to 3.4.7
  com.unity.collab-proxy from version 1.2.16 to 1.3.8
  com.unity.ide.rider from version 1.1.4 to 1.2.1
  com.unity.ide.vscode from version 1.2.0 to 1.2.1
  com.unity.textmeshpro from version 2.0.1 to 3.0.0-preview.1

=== Thu Oct  8 21:05:48 2020

Packages were changed.
Update Mode: updateDependencies

The following packages were updated:
  com.unity.ads from version 3.4.7 to 3.4.9
  com.unity.purchasing from version 2.0.6 to 2.1.0

=== Sat Dec  5 20:23:28 2020

Packages were changed.
Update Mode: updateDependencies

The following packages were updated:
  com.unity.ads from version 3.4.9 to 3.5.2
  com.unity.analytics from version 3.3.5 to 3.5.3
  com.unity.ext.nunit from version 1.0.0 to 1.0.5
  com.unity.ide.visualstudio from version 2.0.2 to 2.0.5
  com.unity.ide.vscode from version 1.2.1 to 1.2.3
  com.unity.purchasing from version 2.1.0 to 2.1.1
  com.unity.test-framework from version 1.1.16 to 1.1.19
  com.unity.xr.legacyinputhelpers from version 2.1.4 to 2.1.6

=== Sat Dec 12 12:46:51 2020

Packages were changed.
Update Mode: updateDependencies

The following packages were updated:
  com.unity.purchasing from version 2.1.1 to 2.2.1

=== Thu Dec 17 21:52:37 2020

Packages were changed.
Update Mode: updateDependencies

The following packages were updated:
  com.unity.ide.rider from version 1.2.1 to 2.0.7

=== Sat Mar  6 08:17:34 2021

Packages were changed.
Update Mode: updateDependencies

The following packages were updated:
  com.unity.ads from version 3.5.2 to 3.6.1
  com.unity.ide.visualstudio from version 2.0.5 to 2.0.7
  com.unity.purchasing from version 2.2.1 to 2.2.2
  com.unity.test-framework from version 1.1.20 to 1.1.22
  com.unity.timeline from version 1.3.6 to 1.4.6
  com.unity.xr.legacyinputhelpers from version 2.1.6 to 2.1.7

=== Sun May  2 14:09:05 2021

Packages were changed.
Update Mode: updateDependencies

The following packages were updated:
  com.unity.ads from version 3.6.1 to 3.7.1
  com.unity.ide.rider from version 2.0.7 to 3.0.5
  com.unity.purchasing from version 2.2.2 to 3.0.2
  com.unity.test-framework from version 1.1.22 to 1.1.24
  com.unity.textmeshpro from version 3.0.3 to 3.0.4
  com.unity.timeline from version 1.4.6 to 1.5.4

=== Thu May  6 22:04:12 2021

Packages were changed.
Update Mode: updateDependencies

The following packages were updated:
  com.unity.ide.rider from version 3.0.5 to 3.0.6

=== Sun Jun 27 21:23:34 2021

Packages were changed.
Update Mode: updateDependencies

The following packages were updated:
  com.unity.collab-proxy from version 1.3.9 to 1.5.7
  com.unity.ide.rider from version 3.0.6 to 3.0.7
  com.unity.ide.visualstudio from version 2.0.8 to 2.0.9
  com.unity.purchasing from version 3.0.2 to 3.2.1

=== Fri Jul  9 18:17:33 2021

Packages were changed.
Update Mode: updateDependencies

The following packages were updated:
  com.unity.purchasing from version 3.2.1 to 3.2.2
  com.unity.test-framework from version 1.1.24 to 1.1.27

=== Sat Jul 17 17:53:40 2021

Packages were changed.
Update Mode: mergeDefaultDependencies

The following packages were added:
  com.unity.visualscripting@1.6.1

=== Wed Oct  6 18:26:21 2021

Packages were changed.
Update Mode: updateDependencies

The following packages were updated:
  com.unity.ads from version 3.7.3 to 3.7.5
  com.unity.analytics from version 3.5.3 to 3.6.11
  com.unity.collab-proxy from version 1.7.1 to 1.9.0
  com.unity.ide.vscode from version 1.2.3 to 1.2.4
  com.unity.purchasing from version 3.2.2 to 3.2.3
  com.unity.test-framework from version 1.1.27 to 1.1.29
  com.unity.xr.legacyinputhelpers from version 2.1.7 to 2.1.8

=== Fri Oct  8 20:58:01 2021

Packages were changed.
Update Mode: updateDependencies

The following packages were updated:
  com.unity.collab-proxy from version 1.9.0 to 1.11.2
  com.unity.purchasing from version 3.2.3 to 4.0.3

=== Mon Nov 22 17:41:18 2021

Packages were changed.
Update Mode: updateDependencies

The following packages were updated:
  com.unity.collab-proxy from version 1.11.2 to 1.15.1
  com.unity.purchasing from version 4.0.3 to 4.1.1
  com.unity.timeline from version 1.5.6 to 1.6.2
  com.unity.visualscripting from version 1.6.1 to 1.7.5
  nuget.mono-cecil from version 0.1.6-preview to 1.0.0
The following packages were removed:
  com.unity.multiplayer-hlapi@1.0.6

=== Mon Jan 17 19:49:46 2022

Packages were changed.
Update Mode: updateDependencies

The following packages were updated:
  com.unity.collab-proxy from version 1.15.4 to 1.15.7
  com.unity.ide.rider from version 3.0.7 to 3.0.9

=== Sun May 15 19:14:14 2022

Packages were changed.
Update Mode: updateDependencies

The following packages were updated:
  com.unity.ads from version 3.7.5 to 4.1.0
  com.unity.analytics from version 3.6.12 to 3.7.1
  com.unity.collab-proxy from version 1.15.9 to 1.15.16
  com.unity.ide.rider from version 3.0.10 to 3.0.13
  com.unity.ide.vscode from version 1.2.4 to 1.2.5
  com.unity.purchasing from version 4.1.2 to 4.1.3
  com.unity.test-framework from version 1.1.30 to 1.1.31
  com.unity.timeline from version 1.6.3 to 1.7.1
  com.unity.xr.legacyinputhelpers from version 2.1.8 to 2.1.9

=== Sat May 21 15:13:37 2022

Packages were changed.
Update Mode: updateDependencies

The following packages were updated:
  com.unity.ide.rider from version 3.0.13 to 3.0.14
  com.unity.ide.visualstudio from version 2.0.14 to 2.0.15
  com.unity.purchasing from version 4.1.3 to 4.1.4

=== Mon May 30 19:20:26 2022

Packages were changed.
Update Mode: updateDependencies

The following packages were updated:
  com.unity.collab-proxy from version 1.15.16 to 1.15.17
  com.unity.visualscripting from version 1.7.6 to 1.7.8

=== Fri Jun 24 19:41:46 2022

Packages were changed.
Update Mode: updateDependencies

The following packages were updated:
  com.unity.collab-proxy from version 1.15.17 to 1.15.18
  com.unity.purchasing from version 4.1.4 to 4.1.5

=== Sat Jul 16 11:16:46 2022

Packages were changed.
Update Mode: updateDependencies

The following packages were updated:
  com.unity.collab-proxy from version 1.15.18 to 1.17.0
  com.unity.ide.rider from version 3.0.14 to 3.0.15
  com.unity.ide.visualstudio from version 2.0.15 to 2.0.16
